{"/home/amrsouriya/workout-tracker/src/modules/users/user.controller.ts": {"path":"/home/amrsouriya/workout-tracker/src/modules/users/user.controller.ts","statementMap":{"0":{"start":{"line":2,"column":0},"end":{"line":2,"column":45}},"1":{"start":{"line":4,"column":0},"end":{"line":4,"column":60}},"2":{"start":{"line":12,"column":4},"end":{"line":21,"column":5}},"3":{"start":{"line":13,"column":19},"end":{"line":13,"column":55}},"4":{"start":{"line":15,"column":6},"end":{"line":18,"column":9}},"5":{"start":{"line":20,"column":6},"end":{"line":20,"column":16}},"6":{"start":{"line":25,"column":4},"end":{"line":34,"column":5}},"7":{"start":{"line":26,"column":21},"end":{"line":26,"column":54}},"8":{"start":{"line":28,"column":6},"end":{"line":31,"column":9}},"9":{"start":{"line":33,"column":6},"end":{"line":33,"column":16}},"10":{"start":{"line":38,"column":4},"end":{"line":48,"column":5}},"11":{"start":{"line":39,"column":22},"end":{"line":39,"column":52}},"12":{"start":{"line":40,"column":19},"end":{"line":40,"column":56}},"13":{"start":{"line":42,"column":6},"end":{"line":45,"column":9}},"14":{"start":{"line":47,"column":6},"end":{"line":47,"column":16}},"15":{"start":{"line":6,"column":0},"end":{"line":6,"column":13}}},"fnMap":{"0":{"name":"(anonymous_0)","decl":{"start":{"line":7,"column":2},"end":{"line":7,"column":8}},"loc":{"start":{"line":10,"column":22},"end":{"line":22,"column":3}}},"1":{"name":"(anonymous_1)","decl":{"start":{"line":24,"column":2},"end":{"line":24,"column":8}},"loc":{"start":{"line":24,"column":73},"end":{"line":35,"column":3}}},"2":{"name":"(anonymous_2)","decl":{"start":{"line":37,"column":2},"end":{"line":37,"column":8}},"loc":{"start":{"line":37,"column":70},"end":{"line":49,"column":3}}}},"branchMap":{},"s":{"0":1,"1":1,"2":1,"3":1,"4":1,"5":0,"6":1,"7":1,"8":1,"9":0,"10":1,"11":1,"12":1,"13":1,"14":0,"15":1},"f":{"0":1,"1":1,"2":1},"b":{}}
,"/home/amrsouriya/workout-tracker/src/modules/users/user.model.ts": {"path":"/home/amrsouriya/workout-tracker/src/modules/users/user.model.ts","statementMap":{"0":{"start":{"line":1,"column":25},"end":{"line":1,"column":50}},"1":{"start":{"line":3,"column":15},"end":{"line":3,"column":33}},"2":{"start":{"line":5,"column":13},"end":{"line":30,"column":2}},"3":{"start":{"line":7,"column":4},"end":{"line":9,"column":7}},"4":{"start":{"line":12,"column":4},"end":{"line":20,"column":7}},"5":{"start":{"line":28,"column":4},"end":{"line":28,"column":40}}},"fnMap":{"0":{"name":"(anonymous_0)","decl":{"start":{"line":6,"column":2},"end":{"line":6,"column":13}},"loc":{"start":{"line":6,"column":27},"end":{"line":10,"column":3}}},"1":{"name":"(anonymous_1)","decl":{"start":{"line":11,"column":2},"end":{"line":11,"column":10}},"loc":{"start":{"line":11,"column":21},"end":{"line":21,"column":3}}},"2":{"name":"(anonymous_2)","decl":{"start":{"line":23,"column":2},"end":{"line":23,"column":8}},"loc":{"start":{"line":27,"column":3},"end":{"line":29,"column":3}}}},"branchMap":{},"s":{"0":1,"1":1,"2":1,"3":0,"4":0,"5":0},"f":{"0":0,"1":0,"2":0},"b":{}}
,"/home/amrsouriya/workout-tracker/src/modules/users/user.service.ts": {"path":"/home/amrsouriya/workout-tracker/src/modules/users/user.service.ts","statementMap":{"0":{"start":{"line":1,"column":0},"end":{"line":1,"column":28}},"1":{"start":{"line":2,"column":0},"end":{"line":2,"column":31}},"2":{"start":{"line":3,"column":0},"end":{"line":3,"column":41}},"3":{"start":{"line":4,"column":0},"end":{"line":4,"column":50}},"4":{"start":{"line":10,"column":0},"end":{"line":10,"column":60}},"5":{"start":{"line":15,"column":21},"end":{"line":15,"column":60}},"6":{"start":{"line":16,"column":4},"end":{"line":18,"column":5}},"7":{"start":{"line":17,"column":6},"end":{"line":17,"column":77}},"8":{"start":{"line":19,"column":19},"end":{"line":19,"column":55}},"9":{"start":{"line":21,"column":17},"end":{"line":25,"column":6}},"10":{"start":{"line":27,"column":4},"end":{"line":30,"column":6}},"11":{"start":{"line":34,"column":17},"end":{"line":34,"column":56}},"12":{"start":{"line":35,"column":4},"end":{"line":37,"column":5}},"13":{"start":{"line":36,"column":6},"end":{"line":36,"column":77}},"14":{"start":{"line":39,"column":18},"end":{"line":39,"column":68}},"15":{"start":{"line":40,"column":4},"end":{"line":42,"column":5}},"16":{"start":{"line":41,"column":6},"end":{"line":41,"column":77}},"17":{"start":{"line":43,"column":18},"end":{"line":46,"column":null}},"18":{"start":{"line":49,"column":4},"end":{"line":53,"column":6}},"19":{"start":{"line":56,"column":4},"end":{"line":62,"column":5}},"20":{"start":{"line":57,"column":6},"end":{"line":61,"column":8}},"21":{"start":{"line":63,"column":17},"end":{"line":63,"column":54}},"22":{"start":{"line":64,"column":4},"end":{"line":66,"column":5}},"23":{"start":{"line":65,"column":6},"end":{"line":65,"column":72}},"24":{"start":{"line":67,"column":4},"end":{"line":67,"column":16}},"25":{"start":{"line":13,"column":0},"end":{"line":13,"column":13}}},"fnMap":{"0":{"name":"(anonymous_1)","decl":{"start":{"line":14,"column":2},"end":{"line":14,"column":8}},"loc":{"start":{"line":14,"column":50},"end":{"line":31,"column":3}}},"1":{"name":"(anonymous_2)","decl":{"start":{"line":33,"column":2},"end":{"line":33,"column":8}},"loc":{"start":{"line":33,"column":44},"end":{"line":54,"column":3}}},"2":{"name":"(anonymous_3)","decl":{"start":{"line":55,"column":2},"end":{"line":55,"column":8}},"loc":{"start":{"line":55,"column":48},"end":{"line":68,"column":3}}}},"branchMap":{"0":{"loc":{"start":{"line":16,"column":4},"end":{"line":18,"column":5}},"type":"if","locations":[{"start":{"line":16,"column":4},"end":{"line":18,"column":5}},{"start":{},"end":{}}]},"1":{"loc":{"start":{"line":35,"column":4},"end":{"line":37,"column":5}},"type":"if","locations":[{"start":{"line":35,"column":4},"end":{"line":37,"column":5}},{"start":{},"end":{}}]},"2":{"loc":{"start":{"line":40,"column":4},"end":{"line":42,"column":5}},"type":"if","locations":[{"start":{"line":40,"column":4},"end":{"line":42,"column":5}},{"start":{},"end":{}}]},"3":{"loc":{"start":{"line":56,"column":4},"end":{"line":62,"column":5}},"type":"if","locations":[{"start":{"line":56,"column":4},"end":{"line":62,"column":5}},{"start":{},"end":{}}]},"4":{"loc":{"start":{"line":64,"column":4},"end":{"line":66,"column":5}},"type":"if","locations":[{"start":{"line":64,"column":4},"end":{"line":66,"column":5}},{"start":{},"end":{}}]}},"s":{"0":2,"1":2,"2":2,"3":2,"4":2,"5":2,"6":2,"7":1,"8":1,"9":1,"10":1,"11":3,"12":3,"13":1,"14":2,"15":2,"16":1,"17":1,"18":1,"19":3,"20":1,"21":2,"22":2,"23":1,"24":1,"25":2},"f":{"0":2,"1":3,"2":3},"b":{"0":[1,1],"1":[1,2],"2":[1,1],"3":[1,2],"4":[1,1]}}
,"/home/amrsouriya/workout-tracker/src/modules/workouts/workout.controller.ts": {"path":"/home/amrsouriya/workout-tracker/src/modules/workouts/workout.controller.ts","statementMap":{"0":{"start":{"line":2,"column":0},"end":{"line":2,"column":51}},"1":{"start":{"line":4,"column":0},"end":{"line":4,"column":60}},"2":{"start":{"line":22,"column":4},"end":{"line":36,"column":5}},"3":{"start":{"line":23,"column":22},"end":{"line":23,"column":58}},"4":{"start":{"line":25,"column":22},"end":{"line":28,"column":8}},"5":{"start":{"line":30,"column":6},"end":{"line":33,"column":9}},"6":{"start":{"line":35,"column":6},"end":{"line":35,"column":16}},"7":{"start":{"line":44,"column":4},"end":{"line":59,"column":5}},"8":{"start":{"line":45,"column":28},"end":{"line":45,"column":38}},"9":{"start":{"line":46,"column":19},"end":{"line":46,"column":27}},"10":{"start":{"line":48,"column":22},"end":{"line":51,"column":8}},"11":{"start":{"line":53,"column":6},"end":{"line":56,"column":9}},"12":{"start":{"line":58,"column":6},"end":{"line":58,"column":16}},"13":{"start":{"line":67,"column":4},"end":{"line":75,"column":5}},"14":{"start":{"line":68,"column":28},"end":{"line":68,"column":38}},"15":{"start":{"line":70,"column":6},"end":{"line":70,"column":49}},"16":{"start":{"line":72,"column":6},"end":{"line":72,"column":26}},"17":{"start":{"line":74,"column":6},"end":{"line":74,"column":16}},"18":{"start":{"line":83,"column":4},"end":{"line":92,"column":5}},"19":{"start":{"line":84,"column":28},"end":{"line":84,"column":38}},"20":{"start":{"line":85,"column":24},"end":{"line":85,"column":32}},"21":{"start":{"line":87,"column":22},"end":{"line":87,"column":73}},"22":{"start":{"line":89,"column":6},"end":{"line":89,"column":78}},"23":{"start":{"line":91,"column":6},"end":{"line":91,"column":16}},"24":{"start":{"line":100,"column":4},"end":{"line":109,"column":5}},"25":{"start":{"line":101,"column":28},"end":{"line":101,"column":38}},"26":{"start":{"line":102,"column":26},"end":{"line":102,"column":56}},"27":{"start":{"line":104,"column":22},"end":{"line":104,"column":79}},"28":{"start":{"line":106,"column":6},"end":{"line":106,"column":78}},"29":{"start":{"line":108,"column":6},"end":{"line":108,"column":16}},"30":{"start":{"line":117,"column":4},"end":{"line":129,"column":5}},"31":{"start":{"line":118,"column":22},"end":{"line":118,"column":61}},"32":{"start":{"line":119,"column":25},"end":{"line":119,"column":34}},"33":{"start":{"line":121,"column":23},"end":{"line":124,"column":8}},"34":{"start":{"line":126,"column":6},"end":{"line":126,"column":79}},"35":{"start":{"line":128,"column":6},"end":{"line":128,"column":16}},"36":{"start":{"line":137,"column":4},"end":{"line":145,"column":5}},"37":{"start":{"line":138,"column":28},"end":{"line":138,"column":38}},"38":{"start":{"line":140,"column":22},"end":{"line":140,"column":66}},"39":{"start":{"line":142,"column":6},"end":{"line":142,"column":78}},"40":{"start":{"line":144,"column":6},"end":{"line":144,"column":16}},"41":{"start":{"line":148,"column":4},"end":{"line":164,"column":5}},"42":{"start":{"line":149,"column":22},"end":{"line":149,"column":59}},"43":{"start":{"line":150,"column":36},"end":{"line":150,"column":71}},"44":{"start":{"line":152,"column":21},"end":{"line":159,"column":8}},"45":{"start":{"line":161,"column":6},"end":{"line":161,"column":77}},"46":{"start":{"line":163,"column":6},"end":{"line":163,"column":16}},"47":{"start":{"line":16,"column":0},"end":{"line":16,"column":13}}},"fnMap":{"0":{"name":"(anonymous_0)","decl":{"start":{"line":17,"column":2},"end":{"line":17,"column":8}},"loc":{"start":{"line":20,"column":22},"end":{"line":37,"column":3}}},"1":{"name":"(anonymous_1)","decl":{"start":{"line":39,"column":2},"end":{"line":39,"column":8}},"loc":{"start":{"line":42,"column":22},"end":{"line":60,"column":3}}},"2":{"name":"(anonymous_2)","decl":{"start":{"line":62,"column":2},"end":{"line":62,"column":8}},"loc":{"start":{"line":65,"column":22},"end":{"line":76,"column":3}}},"3":{"name":"(anonymous_3)","decl":{"start":{"line":78,"column":2},"end":{"line":78,"column":8}},"loc":{"start":{"line":81,"column":22},"end":{"line":93,"column":3}}},"4":{"name":"(anonymous_4)","decl":{"start":{"line":95,"column":2},"end":{"line":95,"column":8}},"loc":{"start":{"line":98,"column":22},"end":{"line":110,"column":3}}},"5":{"name":"(anonymous_5)","decl":{"start":{"line":112,"column":2},"end":{"line":112,"column":8}},"loc":{"start":{"line":115,"column":22},"end":{"line":130,"column":3}}},"6":{"name":"(anonymous_6)","decl":{"start":{"line":132,"column":2},"end":{"line":132,"column":8}},"loc":{"start":{"line":135,"column":22},"end":{"line":146,"column":3}}},"7":{"name":"(anonymous_7)","decl":{"start":{"line":147,"column":2},"end":{"line":147,"column":8}},"loc":{"start":{"line":147,"column":77},"end":{"line":165,"column":3}}}},"branchMap":{},"s":{"0":1,"1":1,"2":1,"3":1,"4":1,"5":1,"6":0,"7":1,"8":1,"9":1,"10":1,"11":1,"12":0,"13":1,"14":1,"15":1,"16":1,"17":0,"18":1,"19":1,"20":1,"21":1,"22":1,"23":0,"24":1,"25":1,"26":1,"27":1,"28":1,"29":0,"30":1,"31":1,"32":1,"33":1,"34":1,"35":0,"36":1,"37":1,"38":1,"39":1,"40":0,"41":1,"42":1,"43":1,"44":1,"45":1,"46":0,"47":1},"f":{"0":1,"1":1,"2":1,"3":1,"4":1,"5":1,"6":1,"7":1},"b":{}}
,"/home/amrsouriya/workout-tracker/src/modules/workouts/workout.model.ts": {"path":"/home/amrsouriya/workout-tracker/src/modules/workouts/workout.model.ts","statementMap":{"0":{"start":{"line":1,"column":0},"end":{"line":1,"column":61}},"1":{"start":{"line":3,"column":15},"end":{"line":3,"column":33}},"2":{"start":{"line":5,"column":13},"end":{"line":182,"column":2}},"3":{"start":{"line":18,"column":4},"end":{"line":40,"column":7}},"4":{"start":{"line":25,"column":45},"end":{"line":32,"column":12}},"5":{"start":{"line":58,"column":4},"end":{"line":91,"column":7}},"6":{"start":{"line":59,"column":6},"end":{"line":73,"column":7}},"7":{"start":{"line":60,"column":8},"end":{"line":62,"column":11}},"8":{"start":{"line":64,"column":8},"end":{"line":72,"column":11}},"9":{"start":{"line":65,"column":43},"end":{"line":71,"column":12}},"10":{"start":{"line":75,"column":6},"end":{"line":90,"column":9}},"11":{"start":{"line":95,"column":4},"end":{"line":98,"column":7}},"12":{"start":{"line":102,"column":4},"end":{"line":109,"column":7}},"13":{"start":{"line":113,"column":4},"end":{"line":119,"column":7}},"14":{"start":{"line":123,"column":4},"end":{"line":136,"column":7}},"15":{"start":{"line":140,"column":4},"end":{"line":147,"column":7}},"16":{"start":{"line":151,"column":4},"end":{"line":154,"column":7}},"17":{"start":{"line":165,"column":4},"end":{"line":180,"column":7}}},"fnMap":{"0":{"name":"(anonymous_0)","decl":{"start":{"line":6,"column":2},"end":{"line":6,"column":7}},"loc":{"start":{"line":17,"column":3},"end":{"line":41,"column":3}}},"1":{"name":"(anonymous_1)","decl":{"start":{"line":25,"column":37},"end":{"line":25,"column":38}},"loc":{"start":{"line":25,"column":45},"end":{"line":32,"column":12}}},"2":{"name":"(anonymous_2)","decl":{"start":{"line":43,"column":2},"end":{"line":43,"column":7}},"loc":{"start":{"line":56,"column":5},"end":{"line":92,"column":3}}},"3":{"name":"(anonymous_3)","decl":{"start":{"line":58,"column":31},"end":{"line":58,"column":36}},"loc":{"start":{"line":58,"column":44},"end":{"line":91,"column":5}}},"4":{"name":"(anonymous_4)","decl":{"start":{"line":65,"column":35},"end":{"line":65,"column":36}},"loc":{"start":{"line":65,"column":43},"end":{"line":71,"column":12}}},"5":{"name":"(anonymous_5)","decl":{"start":{"line":94,"column":2},"end":{"line":94,"column":10}},"loc":{"start":{"line":94,"column":43},"end":{"line":99,"column":3}}},"6":{"name":"(anonymous_6)","decl":{"start":{"line":101,"column":2},"end":{"line":101,"column":7}},"loc":{"start":{"line":101,"column":39},"end":{"line":110,"column":3}}},"7":{"name":"(anonymous_7)","decl":{"start":{"line":112,"column":2},"end":{"line":112,"column":17}},"loc":{"start":{"line":112,"column":54},"end":{"line":120,"column":3}}},"8":{"name":"(anonymous_8)","decl":{"start":{"line":122,"column":2},"end":{"line":122,"column":18}},"loc":{"start":{"line":122,"column":57},"end":{"line":137,"column":3}}},"9":{"name":"(anonymous_9)","decl":{"start":{"line":139,"column":2},"end":{"line":139,"column":10}},"loc":{"start":{"line":139,"column":28},"end":{"line":148,"column":3}}},"10":{"name":"(anonymous_10)","decl":{"start":{"line":150,"column":2},"end":{"line":150,"column":21}},"loc":{"start":{"line":150,"column":62},"end":{"line":155,"column":3}}},"11":{"name":"(anonymous_11)","decl":{"start":{"line":157,"column":2},"end":{"line":157,"column":18}},"loc":{"start":{"line":163,"column":5},"end":{"line":181,"column":3}}}},"branchMap":{"0":{"loc":{"start":{"line":22,"column":15},"end":{"line":22,"column":33}},"type":"binary-expr","locations":[{"start":{"line":22,"column":15},"end":{"line":22,"column":25}},{"start":{"line":22,"column":29},"end":{"line":22,"column":33}}]},"1":{"loc":{"start":{"line":23,"column":21},"end":{"line":23,"column":45}},"type":"binary-expr","locations":[{"start":{"line":23,"column":21},"end":{"line":23,"column":37}},{"start":{"line":23,"column":41},"end":{"line":23,"column":45}}]},"2":{"loc":{"start":{"line":28,"column":20},"end":{"line":28,"column":36}},"type":"binary-expr","locations":[{"start":{"line":28,"column":20},"end":{"line":28,"column":28}},{"start":{"line":28,"column":32},"end":{"line":28,"column":36}}]},"3":{"loc":{"start":{"line":59,"column":6},"end":{"line":73,"column":7}},"type":"if","locations":[{"start":{"line":59,"column":6},"end":{"line":73,"column":7}},{"start":{},"end":{}}]},"4":{"loc":{"start":{"line":70,"column":20},"end":{"line":70,"column":36}},"type":"binary-expr","locations":[{"start":{"line":70,"column":20},"end":{"line":70,"column":28}},{"start":{"line":70,"column":32},"end":{"line":70,"column":36}}]},"5":{"loc":{"start":{"line":78,"column":14},"end":{"line":78,"column":63}},"type":"binary-expr","locations":[{"start":{"line":78,"column":14},"end":{"line":78,"column":38}},{"start":{"line":78,"column":42},"end":{"line":78,"column":63}}]},"6":{"loc":{"start":{"line":79,"column":14},"end":{"line":79,"column":71}},"type":"binary-expr","locations":[{"start":{"line":79,"column":14},"end":{"line":79,"column":38}},{"start":{"line":79,"column":42},"end":{"line":79,"column":71}}]},"7":{"loc":{"start":{"line":79,"column":51},"end":{"line":79,"column":69}},"type":"binary-expr","locations":[{"start":{"line":79,"column":51},"end":{"line":79,"column":61}},{"start":{"line":79,"column":65},"end":{"line":79,"column":69}}]},"8":{"loc":{"start":{"line":80,"column":14},"end":{"line":82,"column":12}},"type":"binary-expr","locations":[{"start":{"line":80,"column":14},"end":{"line":80,"column":44}},{"start":{"line":80,"column":48},"end":{"line":82,"column":12}}]},"9":{"loc":{"start":{"line":81,"column":25},"end":{"line":81,"column":49}},"type":"binary-expr","locations":[{"start":{"line":81,"column":25},"end":{"line":81,"column":41}},{"start":{"line":81,"column":45},"end":{"line":81,"column":49}}]},"10":{"loc":{"start":{"line":83,"column":14},"end":{"line":83,"column":66}},"type":"binary-expr","locations":[{"start":{"line":83,"column":14},"end":{"line":83,"column":39}},{"start":{"line":83,"column":43},"end":{"line":83,"column":66}}]},"11":{"loc":{"start":{"line":126,"column":12},"end":{"line":126,"column":32}},"type":"binary-expr","locations":[{"start":{"line":126,"column":12},"end":{"line":126,"column":18}},{"start":{"line":126,"column":22},"end":{"line":126,"column":32}}]},"12":{"loc":{"start":{"line":168,"column":12},"end":{"line":168,"column":56}},"type":"binary-expr","locations":[{"start":{"line":168,"column":12},"end":{"line":168,"column":26}},{"start":{"line":168,"column":30},"end":{"line":168,"column":56}}]},"13":{"loc":{"start":{"line":170,"column":14},"end":{"line":170,"column":51}},"type":"binary-expr","locations":[{"start":{"line":170,"column":14},"end":{"line":170,"column":26}},{"start":{"line":170,"column":30},"end":{"line":170,"column":51}}]},"14":{"loc":{"start":{"line":171,"column":14},"end":{"line":171,"column":47}},"type":"binary-expr","locations":[{"start":{"line":171,"column":14},"end":{"line":171,"column":24}},{"start":{"line":171,"column":28},"end":{"line":171,"column":47}}]}},"s":{"0":1,"1":1,"2":1,"3":0,"4":0,"5":0,"6":0,"7":0,"8":0,"9":0,"10":0,"11":0,"12":0,"13":0,"14":0,"15":0,"16":0,"17":0},"f":{"0":0,"1":0,"2":0,"3":0,"4":0,"5":0,"6":0,"7":0,"8":0,"9":0,"10":0,"11":0},"b":{"0":[0,0],"1":[0,0],"2":[0,0],"3":[0,0],"4":[0,0],"5":[0,0],"6":[0,0],"7":[0,0],"8":[0,0],"9":[0,0],"10":[0,0],"11":[0,0],"12":[0,0],"13":[0,0],"14":[0,0]}}
,"/home/amrsouriya/workout-tracker/src/modules/workouts/workout.service.ts": {"path":"/home/amrsouriya/workout-tracker/src/modules/workouts/workout.service.ts","statementMap":{"0":{"start":{"line":1,"column":0},"end":{"line":1,"column":47}},"1":{"start":{"line":2,"column":0},"end":{"line":2,"column":50}},"2":{"start":{"line":14,"column":0},"end":{"line":14,"column":60}},"3":{"start":{"line":18,"column":4},"end":{"line":37,"column":5}},"4":{"start":{"line":19,"column":6},"end":{"line":30,"column":9}},"5":{"start":{"line":24,"column":46},"end":{"line":29,"column":10}},"6":{"start":{"line":32,"column":6},"end":{"line":36,"column":8}},"7":{"start":{"line":41,"column":20},"end":{"line":41,"column":63}},"8":{"start":{"line":42,"column":4},"end":{"line":43,"column":75}},"9":{"start":{"line":43,"column":6},"end":{"line":43,"column":75}},"10":{"start":{"line":45,"column":4},"end":{"line":58,"column":7}},"11":{"start":{"line":51,"column":46},"end":{"line":56,"column":10}},"12":{"start":{"line":62,"column":20},"end":{"line":62,"column":63}},"13":{"start":{"line":63,"column":4},"end":{"line":64,"column":75}},"14":{"start":{"line":64,"column":6},"end":{"line":64,"column":75}},"15":{"start":{"line":66,"column":4},"end":{"line":66,"column":54}},"16":{"start":{"line":70,"column":20},"end":{"line":70,"column":63}},"17":{"start":{"line":71,"column":4},"end":{"line":72,"column":75}},"18":{"start":{"line":72,"column":6},"end":{"line":72,"column":75}},"19":{"start":{"line":74,"column":4},"end":{"line":74,"column":61}},"20":{"start":{"line":78,"column":20},"end":{"line":78,"column":63}},"21":{"start":{"line":79,"column":4},"end":{"line":80,"column":75}},"22":{"start":{"line":80,"column":6},"end":{"line":80,"column":75}},"23":{"start":{"line":82,"column":4},"end":{"line":82,"column":74}},"24":{"start":{"line":86,"column":4},"end":{"line":86,"column":67}},"25":{"start":{"line":90,"column":20},"end":{"line":90,"column":63}},"26":{"start":{"line":91,"column":4},"end":{"line":92,"column":75}},"27":{"start":{"line":92,"column":6},"end":{"line":92,"column":75}},"28":{"start":{"line":93,"column":4},"end":{"line":93,"column":19}},"29":{"start":{"line":97,"column":21},"end":{"line":101,"column":6}},"30":{"start":{"line":103,"column":26},"end":{"line":103,"column":41}},"31":{"start":{"line":104,"column":24},"end":{"line":112,"column":9}},"32":{"start":{"line":105,"column":6},"end":{"line":111,"column":8}},"33":{"start":{"line":108,"column":24},"end":{"line":108,"column":65}},"34":{"start":{"line":114,"column":4},"end":{"line":118,"column":6}},"35":{"start":{"line":16,"column":0},"end":{"line":16,"column":13}}},"fnMap":{"0":{"name":"(anonymous_1)","decl":{"start":{"line":17,"column":2},"end":{"line":17,"column":8}},"loc":{"start":{"line":17,"column":53},"end":{"line":38,"column":3}}},"1":{"name":"(anonymous_2)","decl":{"start":{"line":24,"column":38},"end":{"line":24,"column":39}},"loc":{"start":{"line":24,"column":46},"end":{"line":29,"column":10}}},"2":{"name":"(anonymous_3)","decl":{"start":{"line":40,"column":2},"end":{"line":40,"column":8}},"loc":{"start":{"line":40,"column":53},"end":{"line":59,"column":3}}},"3":{"name":"(anonymous_4)","decl":{"start":{"line":51,"column":38},"end":{"line":51,"column":39}},"loc":{"start":{"line":51,"column":46},"end":{"line":56,"column":10}}},"4":{"name":"(anonymous_5)","decl":{"start":{"line":61,"column":2},"end":{"line":61,"column":8}},"loc":{"start":{"line":61,"column":53},"end":{"line":67,"column":3}}},"5":{"name":"(anonymous_6)","decl":{"start":{"line":69,"column":2},"end":{"line":69,"column":8}},"loc":{"start":{"line":69,"column":50},"end":{"line":75,"column":3}}},"6":{"name":"(anonymous_7)","decl":{"start":{"line":77,"column":2},"end":{"line":77,"column":8}},"loc":{"start":{"line":77,"column":57},"end":{"line":83,"column":3}}},"7":{"name":"(anonymous_8)","decl":{"start":{"line":85,"column":2},"end":{"line":85,"column":8}},"loc":{"start":{"line":85,"column":66},"end":{"line":87,"column":3}}},"8":{"name":"(anonymous_9)","decl":{"start":{"line":89,"column":2},"end":{"line":89,"column":8}},"loc":{"start":{"line":89,"column":53},"end":{"line":94,"column":3}}},"9":{"name":"(anonymous_10)","decl":{"start":{"line":96,"column":2},"end":{"line":96,"column":8}},"loc":{"start":{"line":96,"column":62},"end":{"line":119,"column":3}}},"10":{"name":"(anonymous_11)","decl":{"start":{"line":104,"column":40},"end":{"line":104,"column":41}},"loc":{"start":{"line":104,"column":51},"end":{"line":112,"column":5}}},"11":{"name":"(anonymous_12)","decl":{"start":{"line":108,"column":10},"end":{"line":108,"column":11}},"loc":{"start":{"line":108,"column":24},"end":{"line":108,"column":65}}}},"branchMap":{"0":{"loc":{"start":{"line":28,"column":14},"end":{"line":28,"column":60}},"type":"binary-expr","locations":[{"start":{"line":28,"column":14},"end":{"line":28,"column":36}},{"start":{"line":28,"column":40},"end":{"line":28,"column":60}}]},"1":{"loc":{"start":{"line":42,"column":4},"end":{"line":43,"column":75}},"type":"if","locations":[{"start":{"line":42,"column":4},"end":{"line":43,"column":75}},{"start":{},"end":{}}]},"2":{"loc":{"start":{"line":50,"column":10},"end":{"line":57,"column":8}},"type":"binary-expr","locations":[{"start":{"line":50,"column":10},"end":{"line":50,"column":38}},{"start":{"line":50,"column":42},"end":{"line":57,"column":8}}]},"3":{"loc":{"start":{"line":55,"column":14},"end":{"line":55,"column":60}},"type":"binary-expr","locations":[{"start":{"line":55,"column":14},"end":{"line":55,"column":36}},{"start":{"line":55,"column":40},"end":{"line":55,"column":60}}]},"4":{"loc":{"start":{"line":63,"column":4},"end":{"line":64,"column":75}},"type":"if","locations":[{"start":{"line":63,"column":4},"end":{"line":64,"column":75}},{"start":{},"end":{}}]},"5":{"loc":{"start":{"line":71,"column":4},"end":{"line":72,"column":75}},"type":"if","locations":[{"start":{"line":71,"column":4},"end":{"line":72,"column":75}},{"start":{},"end":{}}]},"6":{"loc":{"start":{"line":79,"column":4},"end":{"line":80,"column":75}},"type":"if","locations":[{"start":{"line":79,"column":4},"end":{"line":80,"column":75}},{"start":{},"end":{}}]},"7":{"loc":{"start":{"line":91,"column":4},"end":{"line":92,"column":75}},"type":"if","locations":[{"start":{"line":91,"column":4},"end":{"line":92,"column":75}},{"start":{},"end":{}}]},"8":{"loc":{"start":{"line":98,"column":10},"end":{"line":98,"column":65}},"type":"cond-expr","locations":[{"start":{"line":98,"column":28},"end":{"line":98,"column":53}},{"start":{"line":98,"column":56},"end":{"line":98,"column":65}}]},"9":{"loc":{"start":{"line":99,"column":12},"end":{"line":99,"column":71}},"type":"cond-expr","locations":[{"start":{"line":99,"column":32},"end":{"line":99,"column":59}},{"start":{"line":99,"column":62},"end":{"line":99,"column":71}}]},"10":{"loc":{"start":{"line":100,"column":14},"end":{"line":100,"column":67}},"type":"cond-expr","locations":[{"start":{"line":100,"column":36},"end":{"line":100,"column":55}},{"start":{"line":100,"column":58},"end":{"line":100,"column":67}}]},"11":{"loc":{"start":{"line":108,"column":51},"end":{"line":108,"column":64}},"type":"binary-expr","locations":[{"start":{"line":108,"column":51},"end":{"line":108,"column":59}},{"start":{"line":108,"column":63},"end":{"line":108,"column":64}}]}},"s":{"0":2,"1":2,"2":2,"3":2,"4":2,"5":1,"6":1,"7":2,"8":2,"9":1,"10":1,"11":0,"12":2,"13":2,"14":1,"15":1,"16":2,"17":2,"18":1,"19":1,"20":2,"21":2,"22":1,"23":1,"24":1,"25":2,"26":2,"27":1,"28":1,"29":1,"30":1,"31":1,"32":1,"33":1,"34":1,"35":2},"f":{"0":2,"1":1,"2":2,"3":0,"4":2,"5":2,"6":2,"7":1,"8":2,"9":1,"10":1,"11":1},"b":{"0":[1,1],"1":[1,1],"2":[1,0],"3":[0,0],"4":[1,1],"5":[1,1],"6":[1,1],"7":[1,1],"8":[0,1],"9":[0,1],"10":[0,1],"11":[1,0]}}
,"/home/amrsouriya/workout-tracker/src/types/HTTPStatusText.ts": {"path":"/home/amrsouriya/workout-tracker/src/types/HTTPStatusText.ts","statementMap":{"0":{"start":{"line":2,"column":19},"end":{"line":2,"column":28}},"1":{"start":{"line":3,"column":16},"end":{"line":3,"column":22}},"2":{"start":{"line":4,"column":17},"end":{"line":4,"column":24}},"3":{"start":{"line":1,"column":0},"end":{"line":1,"column":13}}},"fnMap":{},"branchMap":{},"s":{"0":6,"1":6,"2":6,"3":6},"f":{},"b":{}}
,"/home/amrsouriya/workout-tracker/src/types/customError.ts": {"path":"/home/amrsouriya/workout-tracker/src/types/customError.ts","statementMap":{"0":{"start":{"line":1,"column":0},"end":{"line":1,"column":50}},"1":{"start":{"line":12,"column":4},"end":{"line":12,"column":19}},"2":{"start":{"line":13,"column":4},"end":{"line":13,"column":33}},"3":{"start":{"line":14,"column":4},"end":{"line":14,"column":33}},"4":{"start":{"line":15,"column":4},"end":{"line":15,"column":52}},"5":{"start":{"line":3,"column":0},"end":{"line":3,"column":21}}},"fnMap":{"0":{"name":"(anonymous_0)","decl":{"start":{"line":7,"column":2},"end":{"line":7,"column":null}},"loc":{"start":{"line":10,"column":37},"end":{"line":16,"column":3}}}},"branchMap":{"0":{"loc":{"start":{"line":9,"column":4},"end":{"line":9,"column":20}},"type":"default-arg","locations":[{"start":{"line":9,"column":17},"end":{"line":9,"column":20}}]},"1":{"loc":{"start":{"line":10,"column":4},"end":{"line":10,"column":37}},"type":"default-arg","locations":[{"start":{"line":10,"column":17},"end":{"line":10,"column":37}}]}},"s":{"0":4,"1":11,"2":11,"3":11,"4":11,"5":4},"f":{"0":11},"b":{"0":[0],"1":[0]}}
}
