{"/home/amrsouriya/workout-tracker/src/modules/users/user.controller.ts": {"path":"/home/amrsouriya/workout-tracker/src/modules/users/user.controller.ts","statementMap":{"0":{"start":{"line":2,"column":0},"end":{"line":2,"column":45}},"1":{"start":{"line":4,"column":0},"end":{"line":4,"column":60}},"2":{"start":{"line":12,"column":4},"end":{"line":21,"column":5}},"3":{"start":{"line":13,"column":19},"end":{"line":13,"column":55}},"4":{"start":{"line":15,"column":6},"end":{"line":18,"column":9}},"5":{"start":{"line":20,"column":6},"end":{"line":20,"column":16}},"6":{"start":{"line":25,"column":4},"end":{"line":34,"column":5}},"7":{"start":{"line":26,"column":21},"end":{"line":26,"column":54}},"8":{"start":{"line":28,"column":6},"end":{"line":31,"column":9}},"9":{"start":{"line":33,"column":6},"end":{"line":33,"column":16}},"10":{"start":{"line":38,"column":4},"end":{"line":48,"column":5}},"11":{"start":{"line":39,"column":22},"end":{"line":39,"column":52}},"12":{"start":{"line":40,"column":19},"end":{"line":40,"column":56}},"13":{"start":{"line":42,"column":6},"end":{"line":45,"column":9}},"14":{"start":{"line":47,"column":6},"end":{"line":47,"column":16}},"15":{"start":{"line":6,"column":0},"end":{"line":6,"column":13}}},"fnMap":{"0":{"name":"(anonymous_0)","decl":{"start":{"line":7,"column":2},"end":{"line":7,"column":8}},"loc":{"start":{"line":10,"column":22},"end":{"line":22,"column":3}}},"1":{"name":"(anonymous_1)","decl":{"start":{"line":24,"column":2},"end":{"line":24,"column":8}},"loc":{"start":{"line":24,"column":73},"end":{"line":35,"column":3}}},"2":{"name":"(anonymous_2)","decl":{"start":{"line":37,"column":2},"end":{"line":37,"column":8}},"loc":{"start":{"line":37,"column":70},"end":{"line":49,"column":3}}}},"branchMap":{},"s":{"0":1,"1":1,"2":1,"3":1,"4":1,"5":0,"6":1,"7":1,"8":1,"9":0,"10":1,"11":1,"12":1,"13":1,"14":0,"15":1},"f":{"0":1,"1":1,"2":1},"b":{}}
,"/home/amrsouriya/workout-tracker/src/modules/users/user.model.ts": {"path":"/home/amrsouriya/workout-tracker/src/modules/users/user.model.ts","statementMap":{"0":{"start":{"line":1,"column":25},"end":{"line":1,"column":50}},"1":{"start":{"line":3,"column":15},"end":{"line":3,"column":33}},"2":{"start":{"line":5,"column":13},"end":{"line":30,"column":2}},"3":{"start":{"line":7,"column":4},"end":{"line":9,"column":7}},"4":{"start":{"line":12,"column":4},"end":{"line":20,"column":7}},"5":{"start":{"line":28,"column":4},"end":{"line":28,"column":40}}},"fnMap":{"0":{"name":"(anonymous_0)","decl":{"start":{"line":6,"column":2},"end":{"line":6,"column":13}},"loc":{"start":{"line":6,"column":27},"end":{"line":10,"column":3}}},"1":{"name":"(anonymous_1)","decl":{"start":{"line":11,"column":2},"end":{"line":11,"column":10}},"loc":{"start":{"line":11,"column":21},"end":{"line":21,"column":3}}},"2":{"name":"(anonymous_2)","decl":{"start":{"line":23,"column":2},"end":{"line":23,"column":8}},"loc":{"start":{"line":27,"column":3},"end":{"line":29,"column":3}}}},"branchMap":{},"s":{"0":1,"1":1,"2":1,"3":0,"4":0,"5":0},"f":{"0":0,"1":0,"2":0},"b":{}}
,"/home/amrsouriya/workout-tracker/src/modules/users/user.service.ts": {"path":"/home/amrsouriya/workout-tracker/src/modules/users/user.service.ts","statementMap":{"0":{"start":{"line":1,"column":0},"end":{"line":1,"column":28}},"1":{"start":{"line":2,"column":0},"end":{"line":2,"column":31}},"2":{"start":{"line":3,"column":0},"end":{"line":3,"column":41}},"3":{"start":{"line":4,"column":0},"end":{"line":4,"column":50}},"4":{"start":{"line":10,"column":0},"end":{"line":10,"column":60}},"5":{"start":{"line":15,"column":21},"end":{"line":15,"column":60}},"6":{"start":{"line":16,"column":4},"end":{"line":18,"column":5}},"7":{"start":{"line":17,"column":6},"end":{"line":17,"column":77}},"8":{"start":{"line":19,"column":19},"end":{"line":19,"column":55}},"9":{"start":{"line":21,"column":17},"end":{"line":25,"column":6}},"10":{"start":{"line":27,"column":4},"end":{"line":30,"column":6}},"11":{"start":{"line":34,"column":17},"end":{"line":34,"column":56}},"12":{"start":{"line":35,"column":4},"end":{"line":37,"column":5}},"13":{"start":{"line":36,"column":6},"end":{"line":36,"column":77}},"14":{"start":{"line":39,"column":18},"end":{"line":39,"column":68}},"15":{"start":{"line":40,"column":4},"end":{"line":42,"column":5}},"16":{"start":{"line":41,"column":6},"end":{"line":41,"column":77}},"17":{"start":{"line":43,"column":18},"end":{"line":46,"column":null}},"18":{"start":{"line":49,"column":4},"end":{"line":53,"column":6}},"19":{"start":{"line":56,"column":4},"end":{"line":62,"column":5}},"20":{"start":{"line":57,"column":6},"end":{"line":61,"column":8}},"21":{"start":{"line":63,"column":17},"end":{"line":63,"column":54}},"22":{"start":{"line":64,"column":4},"end":{"line":66,"column":5}},"23":{"start":{"line":65,"column":6},"end":{"line":65,"column":72}},"24":{"start":{"line":67,"column":4},"end":{"line":67,"column":16}},"25":{"start":{"line":13,"column":0},"end":{"line":13,"column":13}}},"fnMap":{"0":{"name":"(anonymous_1)","decl":{"start":{"line":14,"column":2},"end":{"line":14,"column":8}},"loc":{"start":{"line":14,"column":50},"end":{"line":31,"column":3}}},"1":{"name":"(anonymous_2)","decl":{"start":{"line":33,"column":2},"end":{"line":33,"column":8}},"loc":{"start":{"line":33,"column":44},"end":{"line":54,"column":3}}},"2":{"name":"(anonymous_3)","decl":{"start":{"line":55,"column":2},"end":{"line":55,"column":8}},"loc":{"start":{"line":55,"column":48},"end":{"line":68,"column":3}}}},"branchMap":{"0":{"loc":{"start":{"line":16,"column":4},"end":{"line":18,"column":5}},"type":"if","locations":[{"start":{"line":16,"column":4},"end":{"line":18,"column":5}},{"start":{},"end":{}}]},"1":{"loc":{"start":{"line":35,"column":4},"end":{"line":37,"column":5}},"type":"if","locations":[{"start":{"line":35,"column":4},"end":{"line":37,"column":5}},{"start":{},"end":{}}]},"2":{"loc":{"start":{"line":40,"column":4},"end":{"line":42,"column":5}},"type":"if","locations":[{"start":{"line":40,"column":4},"end":{"line":42,"column":5}},{"start":{},"end":{}}]},"3":{"loc":{"start":{"line":56,"column":4},"end":{"line":62,"column":5}},"type":"if","locations":[{"start":{"line":56,"column":4},"end":{"line":62,"column":5}},{"start":{},"end":{}}]},"4":{"loc":{"start":{"line":64,"column":4},"end":{"line":66,"column":5}},"type":"if","locations":[{"start":{"line":64,"column":4},"end":{"line":66,"column":5}},{"start":{},"end":{}}]}},"s":{"0":2,"1":2,"2":2,"3":2,"4":2,"5":2,"6":2,"7":1,"8":1,"9":1,"10":1,"11":3,"12":3,"13":1,"14":2,"15":2,"16":1,"17":1,"18":1,"19":3,"20":1,"21":2,"22":2,"23":1,"24":1,"25":2},"f":{"0":2,"1":3,"2":3},"b":{"0":[1,1],"1":[1,2],"2":[1,1],"3":[1,2],"4":[1,1]}}
,"/home/amrsouriya/workout-tracker/src/types/HTTPStatusText.ts": {"path":"/home/amrsouriya/workout-tracker/src/types/HTTPStatusText.ts","statementMap":{"0":{"start":{"line":2,"column":19},"end":{"line":2,"column":28}},"1":{"start":{"line":3,"column":16},"end":{"line":3,"column":22}},"2":{"start":{"line":4,"column":17},"end":{"line":4,"column":24}},"3":{"start":{"line":1,"column":0},"end":{"line":1,"column":13}}},"fnMap":{},"branchMap":{},"s":{"0":3,"1":3,"2":3,"3":3},"f":{},"b":{}}
,"/home/amrsouriya/workout-tracker/src/types/customError.ts": {"path":"/home/amrsouriya/workout-tracker/src/types/customError.ts","statementMap":{"0":{"start":{"line":1,"column":0},"end":{"line":1,"column":50}},"1":{"start":{"line":12,"column":4},"end":{"line":12,"column":19}},"2":{"start":{"line":13,"column":4},"end":{"line":13,"column":33}},"3":{"start":{"line":14,"column":4},"end":{"line":14,"column":33}},"4":{"start":{"line":15,"column":4},"end":{"line":15,"column":52}},"5":{"start":{"line":3,"column":0},"end":{"line":3,"column":21}}},"fnMap":{"0":{"name":"(anonymous_0)","decl":{"start":{"line":7,"column":2},"end":{"line":7,"column":null}},"loc":{"start":{"line":10,"column":37},"end":{"line":16,"column":3}}}},"branchMap":{"0":{"loc":{"start":{"line":9,"column":4},"end":{"line":9,"column":20}},"type":"default-arg","locations":[{"start":{"line":9,"column":17},"end":{"line":9,"column":20}}]},"1":{"loc":{"start":{"line":10,"column":4},"end":{"line":10,"column":37}},"type":"default-arg","locations":[{"start":{"line":10,"column":17},"end":{"line":10,"column":37}}]}},"s":{"0":2,"1":5,"2":5,"3":5,"4":5,"5":2},"f":{"0":5},"b":{"0":[0],"1":[0]}}
}
