TN:
SF:src/modules/users/user.controller.ts
FN:7,(anonymous_0)
FN:24,(anonymous_1)
FN:37,(anonymous_2)
FNF:3
FNH:3
FNDA:1,(anonymous_0)
FNDA:1,(anonymous_1)
FNDA:1,(anonymous_2)
DA:2,1
DA:4,1
DA:6,1
DA:12,1
DA:13,1
DA:15,1
DA:20,0
DA:25,1
DA:26,1
DA:28,1
DA:33,0
DA:38,1
DA:39,1
DA:40,1
DA:42,1
DA:47,0
LF:16
LH:13
BRF:0
BRH:0
end_of_record
TN:
SF:src/modules/users/user.model.ts
FN:6,(anonymous_0)
FN:11,(anonymous_1)
FN:23,(anonymous_2)
FNF:3
FNH:0
FNDA:0,(anonymous_0)
FNDA:0,(anonymous_1)
FNDA:0,(anonymous_2)
DA:1,1
DA:3,1
DA:5,1
DA:7,0
DA:12,0
DA:28,0
LF:6
LH:3
BRF:0
BRH:0
end_of_record
TN:
SF:src/modules/users/user.service.ts
FN:14,(anonymous_1)
FN:33,(anonymous_2)
FN:55,(anonymous_3)
FNF:3
FNH:3
FNDA:2,(anonymous_1)
FNDA:3,(anonymous_2)
FNDA:3,(anonymous_3)
DA:1,2
DA:2,2
DA:3,2
DA:4,2
DA:10,2
DA:13,2
DA:15,2
DA:16,2
DA:17,1
DA:19,1
DA:21,1
DA:27,1
DA:34,3
DA:35,3
DA:36,1
DA:39,2
DA:40,2
DA:41,1
DA:43,1
DA:49,1
DA:56,3
DA:57,1
DA:63,2
DA:64,2
DA:65,1
DA:67,1
LF:26
LH:26
BRDA:16,0,0,1
BRDA:16,0,1,1
BRDA:35,1,0,1
BRDA:35,1,1,2
BRDA:40,2,0,1
BRDA:40,2,1,1
BRDA:56,3,0,1
BRDA:56,3,1,2
BRDA:64,4,0,1
BRDA:64,4,1,1
BRF:10
BRH:10
end_of_record
TN:
SF:src/types/HTTPStatusText.ts
FNF:0
FNH:0
DA:1,3
DA:2,3
DA:3,3
DA:4,3
LF:4
LH:4
BRF:0
BRH:0
end_of_record
TN:
SF:src/types/customError.ts
FN:7,(anonymous_0)
FNF:1
FNH:1
FNDA:5,(anonymous_0)
DA:1,2
DA:3,2
DA:12,5
DA:13,5
DA:14,5
DA:15,5
LF:6
LH:6
BRDA:9,0,0,0
BRDA:10,1,0,0
BRF:2
BRH:0
end_of_record
