TN:
SF:src/modules/users/user.controller.ts
FN:7,(anonymous_0)
FN:24,(anonymous_1)
FN:37,(anonymous_2)
FNF:3
FNH:3
FNDA:1,(anonymous_0)
FNDA:1,(anonymous_1)
FNDA:1,(anonymous_2)
DA:2,1
DA:4,1
DA:6,1
DA:12,1
DA:13,1
DA:15,1
DA:20,0
DA:25,1
DA:26,1
DA:28,1
DA:33,0
DA:38,1
DA:39,1
DA:40,1
DA:42,1
DA:47,0
LF:16
LH:13
BRF:0
BRH:0
end_of_record
TN:
SF:src/modules/users/user.model.ts
FN:6,(anonymous_0)
FN:11,(anonymous_1)
FN:23,(anonymous_2)
FNF:3
FNH:0
FNDA:0,(anonymous_0)
FNDA:0,(anonymous_1)
FNDA:0,(anonymous_2)
DA:1,1
DA:3,1
DA:5,1
DA:7,0
DA:12,0
DA:28,0
LF:6
LH:3
BRF:0
BRH:0
end_of_record
TN:
SF:src/modules/users/user.service.ts
FN:14,(anonymous_1)
FN:33,(anonymous_2)
FN:55,(anonymous_3)
FNF:3
FNH:3
FNDA:2,(anonymous_1)
FNDA:3,(anonymous_2)
FNDA:3,(anonymous_3)
DA:1,2
DA:2,2
DA:3,2
DA:4,2
DA:10,2
DA:13,2
DA:15,2
DA:16,2
DA:17,1
DA:19,1
DA:21,1
DA:27,1
DA:34,3
DA:35,3
DA:36,1
DA:39,2
DA:40,2
DA:41,1
DA:43,1
DA:49,1
DA:56,3
DA:57,1
DA:63,2
DA:64,2
DA:65,1
DA:67,1
LF:26
LH:26
BRDA:16,0,0,1
BRDA:16,0,1,1
BRDA:35,1,0,1
BRDA:35,1,1,2
BRDA:40,2,0,1
BRDA:40,2,1,1
BRDA:56,3,0,1
BRDA:56,3,1,2
BRDA:64,4,0,1
BRDA:64,4,1,1
BRF:10
BRH:10
end_of_record
TN:
SF:src/modules/workouts/workout.controller.ts
FN:17,(anonymous_0)
FN:39,(anonymous_1)
FN:62,(anonymous_2)
FN:78,(anonymous_3)
FN:95,(anonymous_4)
FN:112,(anonymous_5)
FN:132,(anonymous_6)
FN:147,(anonymous_7)
FNF:8
FNH:8
FNDA:1,(anonymous_0)
FNDA:1,(anonymous_1)
FNDA:1,(anonymous_2)
FNDA:1,(anonymous_3)
FNDA:1,(anonymous_4)
FNDA:1,(anonymous_5)
FNDA:1,(anonymous_6)
FNDA:1,(anonymous_7)
DA:2,1
DA:4,1
DA:16,1
DA:22,1
DA:23,1
DA:25,1
DA:30,1
DA:35,0
DA:44,1
DA:45,1
DA:46,1
DA:48,1
DA:53,1
DA:58,0
DA:67,1
DA:68,1
DA:70,1
DA:72,1
DA:74,0
DA:83,1
DA:84,1
DA:85,1
DA:87,1
DA:89,1
DA:91,0
DA:100,1
DA:101,1
DA:102,1
DA:104,1
DA:106,1
DA:108,0
DA:117,1
DA:118,1
DA:119,1
DA:121,1
DA:126,1
DA:128,0
DA:137,1
DA:138,1
DA:140,1
DA:142,1
DA:144,0
DA:148,1
DA:149,1
DA:150,1
DA:152,1
DA:161,1
DA:163,0
LF:48
LH:40
BRF:0
BRH:0
end_of_record
TN:
SF:src/modules/workouts/workout.model.ts
FN:6,(anonymous_0)
FN:25,(anonymous_1)
FN:43,(anonymous_2)
FN:58,(anonymous_3)
FN:65,(anonymous_4)
FN:94,(anonymous_5)
FN:101,(anonymous_6)
FN:112,(anonymous_7)
FN:122,(anonymous_8)
FN:139,(anonymous_9)
FN:150,(anonymous_10)
FN:157,(anonymous_11)
FNF:12
FNH:0
FNDA:0,(anonymous_0)
FNDA:0,(anonymous_1)
FNDA:0,(anonymous_2)
FNDA:0,(anonymous_3)
FNDA:0,(anonymous_4)
FNDA:0,(anonymous_5)
FNDA:0,(anonymous_6)
FNDA:0,(anonymous_7)
FNDA:0,(anonymous_8)
FNDA:0,(anonymous_9)
FNDA:0,(anonymous_10)
FNDA:0,(anonymous_11)
DA:1,1
DA:3,1
DA:5,1
DA:18,0
DA:25,0
DA:58,0
DA:59,0
DA:60,0
DA:64,0
DA:65,0
DA:75,0
DA:95,0
DA:102,0
DA:113,0
DA:123,0
DA:140,0
DA:151,0
DA:165,0
LF:18
LH:3
BRDA:22,0,0,0
BRDA:22,0,1,0
BRDA:23,1,0,0
BRDA:23,1,1,0
BRDA:28,2,0,0
BRDA:28,2,1,0
BRDA:59,3,0,0
BRDA:59,3,1,0
BRDA:70,4,0,0
BRDA:70,4,1,0
BRDA:78,5,0,0
BRDA:78,5,1,0
BRDA:79,6,0,0
BRDA:79,6,1,0
BRDA:79,7,0,0
BRDA:79,7,1,0
BRDA:80,8,0,0
BRDA:80,8,1,0
BRDA:81,9,0,0
BRDA:81,9,1,0
BRDA:83,10,0,0
BRDA:83,10,1,0
BRDA:126,11,0,0
BRDA:126,11,1,0
BRDA:168,12,0,0
BRDA:168,12,1,0
BRDA:170,13,0,0
BRDA:170,13,1,0
BRDA:171,14,0,0
BRDA:171,14,1,0
BRF:30
BRH:0
end_of_record
TN:
SF:src/modules/workouts/workout.service.ts
FN:17,(anonymous_1)
FN:24,(anonymous_2)
FN:40,(anonymous_3)
FN:51,(anonymous_4)
FN:61,(anonymous_5)
FN:69,(anonymous_6)
FN:77,(anonymous_7)
FN:85,(anonymous_8)
FN:89,(anonymous_9)
FN:96,(anonymous_10)
FN:104,(anonymous_11)
FN:108,(anonymous_12)
FNF:12
FNH:11
FNDA:2,(anonymous_1)
FNDA:1,(anonymous_2)
FNDA:2,(anonymous_3)
FNDA:0,(anonymous_4)
FNDA:2,(anonymous_5)
FNDA:2,(anonymous_6)
FNDA:2,(anonymous_7)
FNDA:1,(anonymous_8)
FNDA:2,(anonymous_9)
FNDA:1,(anonymous_10)
FNDA:1,(anonymous_11)
FNDA:1,(anonymous_12)
DA:1,2
DA:2,2
DA:14,2
DA:16,2
DA:18,2
DA:19,2
DA:24,1
DA:32,1
DA:41,2
DA:42,2
DA:43,1
DA:45,1
DA:51,0
DA:62,2
DA:63,2
DA:64,1
DA:66,1
DA:70,2
DA:71,2
DA:72,1
DA:74,1
DA:78,2
DA:79,2
DA:80,1
DA:82,1
DA:86,1
DA:90,2
DA:91,2
DA:92,1
DA:93,1
DA:97,1
DA:103,1
DA:104,1
DA:105,1
DA:108,1
DA:114,1
LF:36
LH:35
BRDA:28,0,0,1
BRDA:28,0,1,1
BRDA:42,1,0,1
BRDA:42,1,1,1
BRDA:50,2,0,1
BRDA:50,2,1,0
BRDA:55,3,0,0
BRDA:55,3,1,0
BRDA:63,4,0,1
BRDA:63,4,1,1
BRDA:71,5,0,1
BRDA:71,5,1,1
BRDA:79,6,0,1
BRDA:79,6,1,1
BRDA:91,7,0,1
BRDA:91,7,1,1
BRDA:98,8,0,0
BRDA:98,8,1,1
BRDA:99,9,0,0
BRDA:99,9,1,1
BRDA:100,10,0,0
BRDA:100,10,1,1
BRDA:108,11,0,1
BRDA:108,11,1,0
BRF:24
BRH:17
end_of_record
TN:
SF:src/types/HTTPStatusText.ts
FNF:0
FNH:0
DA:1,6
DA:2,6
DA:3,6
DA:4,6
LF:4
LH:4
BRF:0
BRH:0
end_of_record
TN:
SF:src/types/customError.ts
FN:7,(anonymous_0)
FNF:1
FNH:1
FNDA:11,(anonymous_0)
DA:1,4
DA:3,4
DA:12,11
DA:13,11
DA:14,11
DA:15,11
LF:6
LH:6
BRDA:9,0,0,0
BRDA:10,1,0,0
BRF:2
BRH:0
end_of_record
